<?xml version="1.0" encoding="UTF-8"?>
<testng-results skipped="0" failed="0" ignored="0" total="1" passed="1">
  <reporter-output>
  </reporter-output>
  <suite name="Default suite" duration-ms="367805" started-at="2021-06-17T03:40:11Z" finished-at="2021-06-17T03:46:19Z">
    <groups>
    </groups>
    <test name="Default test" duration-ms="367805" started-at="2021-06-17T03:40:11Z" finished-at="2021-06-17T03:46:19Z">
      <class name="qaf.example.tests.TC001_RegisterAccount">
        <test-method status="PASS" signature="setupSuit(org.testng.ITestContext)[pri:0, instance:qaf.example.tests.TC001_RegisterAccount@3b6d844d]" name="setupSuit" is-config="true" duration-ms="87" started-at="2021-06-17T09:10:11Z" finished-at="2021-06-17T09:10:11Z">
          <params>
            <param index="0">
              <value>
                <![CDATA[org.testng.TestRunner@3e6104fc]]>
              </value>
            </param>
          </params>
          <reporter-output>
          </reporter-output>
        </test-method> <!-- setupSuit -->
        <test-method status="PASS" signature="setupTest(org.testng.ITestContext)[pri:0, instance:qaf.example.tests.TC001_RegisterAccount@3b6d844d]" name="setupTest" is-config="true" duration-ms="5" started-at="2021-06-17T09:10:11Z" finished-at="2021-06-17T09:10:11Z">
          <params>
            <param index="0">
              <value>
                <![CDATA[org.testng.TestRunner@3e6104fc]]>
              </value>
            </param>
          </params>
          <reporter-output>
          </reporter-output>
        </test-method> <!-- setupTest -->
        <test-method status="PASS" signature="setup(org.testng.ITestContext)[pri:0, instance:qaf.example.tests.TC001_RegisterAccount@3b6d844d]" name="setup" is-config="true" duration-ms="2" started-at="2021-06-17T09:10:11Z" finished-at="2021-06-17T09:10:11Z">
          <params>
            <param index="0">
              <value>
                <![CDATA[org.testng.TestRunner@3e6104fc]]>
              </value>
            </param>
          </params>
          <reporter-output>
          </reporter-output>
        </test-method> <!-- setup -->
        <test-method status="PASS" signature="setupMethod(java.lang.reflect.Method, org.testng.ITestContext)[pri:0, instance:qaf.example.tests.TC001_RegisterAccount@3b6d844d]" name="setupMethod" is-config="true" duration-ms="2" started-at="2021-06-17T09:10:12Z" finished-at="2021-06-17T09:10:12Z">
          <params>
            <param index="0">
              <value>
                <![CDATA[public void qaf.example.tests.TC001_RegisterAccount.testRegisterAccount(java.util.Map) throws java.lang.InterruptedException]]>
              </value>
            </param>
            <param index="1">
              <value>
                <![CDATA[org.testng.TestRunner@3e6104fc]]>
              </value>
            </param>
          </params>
          <reporter-output>
          </reporter-output>
        </test-method> <!-- setupMethod -->
        <test-method status="PASS" signature="testRegisterAccount(java.util.Map)[pri:0, instance:qaf.example.tests.TC001_RegisterAccount@3b6d844d]" name="testRegisterAccount" duration-ms="364752" started-at="2021-06-17T09:10:12Z" finished-at="2021-06-17T09:16:17Z">
          <params>
            <param index="0">
              <value>
                <![CDATA[{FirstName=RarRaj, LastName=Raj, Email=RarRajRaj@Test.com, Telephone=9842198421, Password=Test#123, Day=8, Month=June, Year=1998, Company=HCL, Address=Madurai, Address1=India, City=New, State=Florida, ZipCode=23412, HomePhone=2344312, Addinfo=NA, FirstNameUp=Venkat, DayUp=24, MonthUp=August, YearUp=1993, Message=Please Clean the Rooms, Location=United States, CancelMessage=Room Cancelled, null=, __index=1}]]>
              </value>
            </param>
          </params>
          <reporter-output>
          </reporter-output>
        </test-method> <!-- testRegisterAccount -->
        <test-method status="PASS" signature="afterMethod(org.testng.ITestContext, org.testng.ITestResult)[pri:0, instance:qaf.example.tests.TC001_RegisterAccount@3b6d844d]" name="afterMethod" is-config="true" duration-ms="2" started-at="2021-06-17T09:16:17Z" finished-at="2021-06-17T09:16:17Z">
          <params>
            <param index="0">
              <value>
                <![CDATA[org.testng.TestRunner@3e6104fc]]>
              </value>
            </param>
            <param index="1">
              <value>
                <![CDATA[[TestResult name=testRegisterAccount status=SUCCESS method=TC001_RegisterAccount.testRegisterAccount(java.util.Map)[pri:0, instance:qaf.example.tests.TC001_RegisterAccount@3b6d844d] output={null}]]]>
              </value>
            </param>
          </params>
          <reporter-output>
          </reporter-output>
        </test-method> <!-- afterMethod -->
        <test-method status="PASS" signature="afterClass(org.testng.ITestContext)[pri:0, instance:qaf.example.tests.TC001_RegisterAccount@3b6d844d]" name="afterClass" is-config="true" duration-ms="11" started-at="2021-06-17T09:16:17Z" finished-at="2021-06-17T09:16:17Z">
          <params>
            <param index="0">
              <value>
                <![CDATA[org.testng.TestRunner@3e6104fc]]>
              </value>
            </param>
          </params>
          <reporter-output>
          </reporter-output>
        </test-method> <!-- afterClass -->
        <test-method status="PASS" signature="afterTest(org.testng.ITestContext)[pri:0, instance:qaf.example.tests.TC001_RegisterAccount@3b6d844d]" name="afterTest" is-config="true" duration-ms="1971" started-at="2021-06-17T09:16:17Z" finished-at="2021-06-17T09:16:19Z">
          <params>
            <param index="0">
              <value>
                <![CDATA[org.testng.TestRunner@3e6104fc]]>
              </value>
            </param>
          </params>
          <reporter-output>
          </reporter-output>
        </test-method> <!-- afterTest -->
      </class> <!-- qaf.example.tests.TC001_RegisterAccount -->
    </test> <!-- Default test -->
  </suite> <!-- Default suite -->
</testng-results>
